0 info it worked if it ends with ok
1 verbose cli [ 'C:\\Program Files\\nodejs\\\\node.exe',
1 verbose cli   'C:\\Program Files\\nodejs\\node_modules\\npm\\bin\\npm-cli.js',
1 verbose cli   'install',
1 verbose cli   'redis-node' ]
2 info using npm@1.4.28
3 info using node@v0.10.32
4 verbose node symlink C:\Program Files\nodejs\\node.exe
5 warn package.json ma-todolist@0.1.0 No repository field.
6 warn package.json ma-todolist@0.1.0 No README data
7 verbose readDependencies using package.json deps
8 verbose cache add [ 'redis-node', null ]
9 verbose cache add name=undefined spec="redis-node" args=["redis-node",null]
10 verbose parsed url { protocol: null,
10 verbose parsed url   slashes: null,
10 verbose parsed url   auth: null,
10 verbose parsed url   host: null,
10 verbose parsed url   port: null,
10 verbose parsed url   hostname: null,
10 verbose parsed url   hash: null,
10 verbose parsed url   search: null,
10 verbose parsed url   query: null,
10 verbose parsed url   pathname: 'redis-node',
10 verbose parsed url   path: 'redis-node',
10 verbose parsed url   href: 'redis-node' }
11 silly lockFile 51a583cb-redis-node redis-node
12 verbose lock redis-node C:\Users\LutingH\AppData\Roaming\npm-cache\51a583cb-redis-node.lock
13 silly lockFile 51a583cb-redis-node redis-node
14 silly lockFile 51a583cb-redis-node redis-node
15 verbose addNamed [ 'redis-node', '' ]
16 verbose addNamed [ null, '*' ]
17 silly lockFile f2e89e03-redis-node redis-node@
18 verbose lock redis-node@ C:\Users\LutingH\AppData\Roaming\npm-cache\f2e89e03-redis-node.lock
19 silly addNameRange { name: 'redis-node', range: '*', hasData: false }
20 verbose request where is /redis-node
21 verbose request registry https://registry.npmjs.org/
22 verbose request id 0a20d7591e0afa73
23 verbose url raw /redis-node
24 verbose url resolving [ 'https://registry.npmjs.org/', './redis-node' ]
25 verbose url resolved https://registry.npmjs.org/redis-node
26 verbose request where is https://registry.npmjs.org/redis-node
27 info trying registry request attempt 1 at 10:22:29
28 http GET https://registry.npmjs.org/redis-node
29 http 200 https://registry.npmjs.org/redis-node
30 silly registry.get cb [ 200,
30 silly registry.get   { date: 'Thu, 09 Oct 2014 08:22:29 GMT',
30 silly registry.get     server: 'CouchDB/1.5.0 (Erlang OTP/R16B03)',
30 silly registry.get     etag: '"7ULJZI5LZJEKH7NPMMNVSW4S"',
30 silly registry.get     'content-type': 'application/json',
30 silly registry.get     'cache-control': 'max-age=60',
30 silly registry.get     'content-length': '11033',
30 silly registry.get     'accept-ranges': 'bytes',
30 silly registry.get     via: '1.1 varnish',
30 silly registry.get     age: '0',
30 silly registry.get     'x-served-by': 'cache-fra1230-FRA',
30 silly registry.get     'x-cache': 'MISS',
30 silly registry.get     'x-cache-hits': '0',
30 silly registry.get     'x-timer': 'S1412842948.328837,VS0,VE733',
30 silly registry.get     vary: 'Accept',
30 silly registry.get     'keep-alive': 'timeout=10, max=50',
30 silly registry.get     connection: 'Keep-Alive' } ]
31 silly addNameRange number 2 { name: 'redis-node', range: '*', hasData: true }
32 silly addNameRange versions [ 'redis-node',
32 silly addNameRange   [ '0.2.0',
32 silly addNameRange     '0.2.1',
32 silly addNameRange     '0.2.2',
32 silly addNameRange     '0.2.3',
32 silly addNameRange     '0.2.4',
32 silly addNameRange     '0.2.5',
32 silly addNameRange     '0.2.6',
32 silly addNameRange     '0.2.7',
32 silly addNameRange     '0.2.8',
32 silly addNameRange     '0.4.0' ] ]
33 verbose addNamed [ 'redis-node', '0.4.0' ]
34 verbose addNamed [ '0.4.0', '0.4.0' ]
35 silly lockFile 4ff5c857-redis-node-0-4-0 redis-node@0.4.0
36 verbose lock redis-node@0.4.0 C:\Users\LutingH\AppData\Roaming\npm-cache\4ff5c857-redis-node-0-4-0.lock
37 silly lockFile 9597d6f0--redis-node-redis-node-0-4-0-tgz https://registry.npmjs.org/redis-node/-/redis-node-0.4.0.tgz
38 verbose lock https://registry.npmjs.org/redis-node/-/redis-node-0.4.0.tgz C:\Users\LutingH\AppData\Roaming\npm-cache\9597d6f0--redis-node-redis-node-0-4-0-tgz.lock
39 verbose addRemoteTarball [ 'https://registry.npmjs.org/redis-node/-/redis-node-0.4.0.tgz',
39 verbose addRemoteTarball   '07dbdeacbbc79cc09b5008bbde2c96e56c71b6af' ]
40 info retry fetch attempt 1 at 10:22:30
41 verbose fetch to= C:\Users\LutingH\AppData\Local\Temp\npm-7356-MWAszwJ6\registry.npmjs.org\redis-node\-\redis-node-0.4.0.tgz
42 http GET https://registry.npmjs.org/redis-node/-/redis-node-0.4.0.tgz
43 http 200 https://registry.npmjs.org/redis-node/-/redis-node-0.4.0.tgz
44 silly lockFile 9597d6f0--redis-node-redis-node-0-4-0-tgz https://registry.npmjs.org/redis-node/-/redis-node-0.4.0.tgz
45 silly lockFile 9597d6f0--redis-node-redis-node-0-4-0-tgz https://registry.npmjs.org/redis-node/-/redis-node-0.4.0.tgz
46 silly lockFile 4ff5c857-redis-node-0-4-0 redis-node@0.4.0
47 silly lockFile 4ff5c857-redis-node-0-4-0 redis-node@0.4.0
48 silly lockFile f2e89e03-redis-node redis-node@
49 silly lockFile f2e89e03-redis-node redis-node@
50 silly resolved [ { name: 'redis-node',
50 silly resolved     description: 'A Complete Redis Client for Node.js',
50 silly resolved     version: '0.4.0',
50 silly resolved     keywords: [ 'redis', 'node', 'client', 'redis-client', 'redis-node' ],
50 silly resolved     author: { name: 'Brian Noguchi', email: 'brian.noguchi@gmail.com' },
50 silly resolved     contributors: [ [Object], [Object], [Object] ],
50 silly resolved     licenses: [ 'MIT' ],
50 silly resolved     repository:
50 silly resolved      { type: 'git',
50 silly resolved        url: 'http://github.com/bnoguchi/redis-node.git' },
50 silly resolved     bugs: { url: 'http://github.com/bnoguchi/redis-node/issues' },
50 silly resolved     directories: { lib: './lib', test: './test' },
50 silly resolved     os: [ 'linux', 'darwin' ],
50 silly resolved     dependencies: {},
50 silly resolved     engines: { node: '>=0.4.0' },
50 silly resolved     main: './index',
50 silly resolved     _id: 'redis-node@0.4.0',
50 silly resolved     _engineSupported: true,
50 silly resolved     _npmVersion: '0.2.18',
50 silly resolved     _nodeVersion: 'v0.4.0',
50 silly resolved     files: [ '' ],
50 silly resolved     _defaultsLoaded: true,
50 silly resolved     dist:
50 silly resolved      { shasum: '07dbdeacbbc79cc09b5008bbde2c96e56c71b6af',
50 silly resolved        tarball: 'http://registry.npmjs.org/redis-node/-/redis-node-0.4.0.tgz' },
50 silly resolved     _shasum: '07dbdeacbbc79cc09b5008bbde2c96e56c71b6af',
50 silly resolved     _from: 'redis-node@',
50 silly resolved     _resolved: 'https://registry.npmjs.org/redis-node/-/redis-node-0.4.0.tgz' } ]
51 info install redis-node@0.4.0 into c:\dev\nodejs
52 info installOne redis-node@0.4.0
53 error notsup Unsupported
53 error notsup Not compatible with your operating system or architecture: redis-node@0.4.0
53 error notsup Valid OS:    linux,darwin
53 error notsup Valid Arch:  any
53 error notsup Actual OS:   win32
53 error notsup Actual Arch: x64
54 error System Windows_NT 6.2.9200
55 error command "C:\\Program Files\\nodejs\\\\node.exe" "C:\\Program Files\\nodejs\\node_modules\\npm\\bin\\npm-cli.js" "install" "redis-node"
56 error cwd c:\dev\nodejs
57 error node -v v0.10.32
58 error npm -v 1.4.28
59 error code EBADPLATFORM
60 verbose exit [ 1, true ]
